2018-10-12 16:19:14,660 - start_pytomo.py:1252 - CRITICAL - Log level set to DEBUG
2018-10-12 16:19:14,661 - start_pytomo.py:1259 - CRITICAL - snmp_pytomoIpCount: .1.3.6.1.3.53.5.9.3.1.1.2
2018-10-12 16:19:14,661 - start_pytomo.py:1259 - CRITICAL - snmp_pytomoBufferingDuration: .1.3.6.1.3.53.5.9.2.1.1.23
2018-10-12 16:19:14,661 - start_pytomo.py:1259 - CRITICAL - snmp_pytomoCacheUrl: .1.3.6.1.3.53.5.9.2.1.1.4
2018-10-12 16:19:14,661 - start_pytomo.py:1259 - CRITICAL - snmp_pytomoPingMax: .1.3.6.1.3.53.5.9.2.1.1.12
2018-10-12 16:19:14,661 - start_pytomo.py:1259 - CRITICAL - HTTP_REDIRECT_SWITCH_PROXY: 306
2018-10-12 16:19:14,661 - start_pytomo.py:1259 - CRITICAL - DELAY_BETWEEN_REQUESTS: 10
2018-10-12 16:19:14,661 - start_pytomo.py:1259 - CRITICAL - MAX_NB_TRIES_ENCODING: 9
2018-10-12 16:19:14,661 - start_pytomo.py:1259 - CRITICAL - RRD_DIR: rrds
2018-10-12 16:19:14,661 - start_pytomo.py:1259 - CRITICAL - INPUT_FILE: None
2018-10-12 16:19:14,662 - start_pytomo.py:1259 - CRITICAL - DOWNLOAD_TIME: 30.0
2018-10-12 16:19:14,662 - start_pytomo.py:1259 - CRITICAL - HTTP_REDIRECT_MOVED_PERMANENTLY: 301
2018-10-12 16:19:14,662 - start_pytomo.py:1259 - CRITICAL - snmp_pytomoResolver: .1.3.6.1.3.53.5.9.2.1.1.7
2018-10-12 16:19:14,662 - start_pytomo.py:1259 - CRITICAL - snmp_pytomoCacheServerDelay: .1.3.6.1.3.53.5.9.2.1.1.5
2018-10-12 16:19:14,662 - start_pytomo.py:1259 - CRITICAL - CRITICAL: 50
2018-10-12 16:19:14,662 - start_pytomo.py:1259 - CRITICAL - snmp_pytomoVideoDuration: .1.3.6.1.3.53.5.9.2.1.1.15
2018-10-12 16:19:14,662 - start_pytomo.py:1259 - CRITICAL - SEP_LINE: ################################################################################
2018-10-12 16:19:14,662 - start_pytomo.py:1259 - CRITICAL - BATCH_MODE: False
2018-10-12 16:19:14,662 - start_pytomo.py:1259 - CRITICAL - snmp_pytomoContact: .1.3.6.1.3.53.5.9.1.3
2018-10-12 16:19:14,662 - start_pytomo.py:1259 - CRITICAL - NAME_TO_LEVEL: {'DEBUG': 10, 'INFO': 20, 'WARNING': 30, 'CRITICAL': 50, 'ERROR': 40}
2018-10-12 16:19:14,662 - start_pytomo.py:1259 - CRITICAL - snmp_pytomoSleepTime: .1.3.6.1.3.53.5.9.1.5
2018-10-12 16:19:14,662 - start_pytomo.py:1259 - CRITICAL - DOWNLOADED_BY_IP: {}
2018-10-12 16:19:14,662 - start_pytomo.py:1259 - CRITICAL - INITIAL_PLAYBACK_DURATION: 2000
2018-10-12 16:19:14,662 - start_pytomo.py:1259 - CRITICAL - snmp_pytomoDownloadInterruptions: .1.3.6.1.3.53.5.9.2.1.1.19
2018-10-12 16:19:14,663 - start_pytomo.py:1259 - CRITICAL - CENTRALISATION_SERVER: pytomo.dtdns.net
2018-10-12 16:19:14,663 - start_pytomo.py:1259 - CRITICAL - NB_DOWNLOAD_VALUES: 15
2018-10-12 16:19:14,663 - start_pytomo.py:1259 - CRITICAL - snmp_pytomoAddressIp: .1.3.6.1.3.53.5.9.2.1.1.6
2018-10-12 16:19:14,663 - start_pytomo.py:1259 - CRITICAL - HTTP_REDIRECT_TEMPORARY_REDIRECT: 307
2018-10-12 16:19:14,663 - start_pytomo.py:1259 - CRITICAL - IPADDR_TIMEOUT: 5
2018-10-12 16:19:14,663 - start_pytomo.py:1259 - CRITICAL - LOG_PUBLIC_IP: True
2018-10-12 16:19:14,663 - start_pytomo.py:1259 - CRITICAL - MAX_ROUND_DURATION: 600
2018-10-12 16:19:14,663 - start_pytomo.py:1259 - CRITICAL - HTTP_REDIRECT_CODE_LIST: (300, 301, 302, 303, 304, 305, 306, 307, 308)
2018-10-12 16:19:14,663 - start_pytomo.py:1259 - CRITICAL - MAX_ROUNDS: 10000
2018-10-12 16:19:14,663 - start_pytomo.py:1259 - CRITICAL - snmp_pytomoVideoLength: .1.3.6.1.3.53.5.9.2.1.1.16
2018-10-12 16:19:14,663 - start_pytomo.py:1259 - CRITICAL - RRD_FILE: pytomo.rrd
2018-10-12 16:19:14,663 - start_pytomo.py:1259 - CRITICAL - OPEN_DNS: ('open_dns', '208.67.220.220')
2018-10-12 16:19:14,663 - start_pytomo.py:1259 - CRITICAL - LOOP: False
2018-10-12 16:19:14,663 - start_pytomo.py:1259 - CRITICAL - DATABASE_DIR: databases
2018-10-12 16:19:14,663 - start_pytomo.py:1259 - CRITICAL - AS_IDX: 8
2018-10-12 16:19:14,664 - start_pytomo.py:1259 - CRITICAL - snmp_pytomoDescr: .1.3.6.1.3.53.5.9.1.2
2018-10-12 16:19:14,664 - start_pytomo.py:1259 - CRITICAL - HTTP_REDIRECT_MULTIPLE_CHOICES: 300
2018-10-12 16:19:14,664 - start_pytomo.py:1259 - CRITICAL - BlackListException: <class 'pytomo.config_pytomo.BlackListException'>
2018-10-12 16:19:14,664 - start_pytomo.py:1259 - CRITICAL - snmp_pytomoPlaybackDuration: .1.3.6.1.3.53.5.9.2.1.1.24
2018-10-12 16:19:14,664 - start_pytomo.py:1259 - CRITICAL - RESULT_FILE: None
2018-10-12 16:19:14,664 - start_pytomo.py:1259 - CRITICAL - snmp_pytomoObjectName: .1.3.6.1.3.53.5.9.1.1
2018-10-12 16:19:14,664 - start_pytomo.py:1259 - CRITICAL - TABLE_TIMESTAMP: None
2018-10-12 16:19:14,664 - start_pytomo.py:1259 - CRITICAL - snmp_pytomoDescr_str: Pytomo  is a YouTube crawler designed to figure out network information out of YouTube video download
2018-10-12 16:19:14,664 - start_pytomo.py:1259 - CRITICAL - STATS_IDX: (2, 0, 1, 3, 4, 5, 6, 7, 8, 9, 10, 11, 12, 13, 14, 15, 16, 17, 18, 19, 20, 21, 22, 23, 24, 25, 26, 27, 28)
2018-10-12 16:19:14,664 - start_pytomo.py:1259 - CRITICAL - snmp_pytomoVideoType: .1.3.6.1.3.53.5.9.2.1.1.14
2018-10-12 16:19:14,664 - start_pytomo.py:1259 - CRITICAL - RTT: None
2018-10-12 16:19:14,664 - start_pytomo.py:1259 - CRITICAL - MAX_CRAWLED_URLS: 10000
2018-10-12 16:19:14,664 - start_pytomo.py:1259 - CRITICAL - WARNING: 30
2018-10-12 16:19:14,664 - start_pytomo.py:1259 - CRITICAL - LOG_DIR: logs
2018-10-12 16:19:14,665 - start_pytomo.py:1259 - CRITICAL - snmp_pytomoEncodingRate: .1.3.6.1.3.53.5.9.2.1.1.17
2018-10-12 16:19:14,665 - start_pytomo.py:1259 - CRITICAL - snmp_pytomoRedirectUrl: .1.3.6.1.3.53.5.9.2.1.1.28
2018-10-12 16:19:14,665 - start_pytomo.py:1259 - CRITICAL - EXTRA_COUNTRY: None
2018-10-12 16:19:14,665 - start_pytomo.py:1259 - CRITICAL - IMAGE_DIR: plots
2018-10-12 16:19:14,665 - start_pytomo.py:1259 - CRITICAL - MIN_PLAYOUT_RESTART: 1.0
2018-10-12 16:19:14,665 - start_pytomo.py:1259 - CRITICAL - EXTRA_NAME_SERVERS_CC: []
2018-10-12 16:19:14,665 - start_pytomo.py:1259 - CRITICAL - AS_URL_TIMEOUT: 15
2018-10-12 16:19:14,665 - start_pytomo.py:1259 - CRITICAL - LEVEL_TO_NAME: {40: 'ERROR', 10: 'DEBUG', 20: 'INFO', 50: 'CRITICAL', 30: 'WARNING'}
2018-10-12 16:19:14,665 - start_pytomo.py:1259 - CRITICAL - NB_RELATED_VALUES: 2
2018-10-12 16:19:14,665 - start_pytomo.py:1259 - CRITICAL - snmp_pytomoResolveTime: .1.3.6.1.3.53.5.9.2.1.1.8
2018-10-12 16:19:14,665 - start_pytomo.py:1259 - CRITICAL - ERROR: 40
2018-10-12 16:19:14,665 - start_pytomo.py:1259 - CRITICAL - DEBUG: 10
2018-10-12 16:19:14,665 - start_pytomo.py:1259 - CRITICAL - snmp_pytomoBufferDurationAtEnd: .1.3.6.1.3.53.5.9.2.1.1.25
2018-10-12 16:19:14,665 - start_pytomo.py:1259 - CRITICAL - GOOGLE_PUBLIC_DNS: ('google_public_dns', '8.8.8.8')
2018-10-12 16:19:14,666 - start_pytomo.py:1259 - CRITICAL - DATABASE_TIMESTAMP: None
2018-10-12 16:19:14,666 - start_pytomo.py:1259 - CRITICAL - ROOT_OID: .1.3.6.1.3.53.5.9
2018-10-12 16:19:14,666 - start_pytomo.py:1259 - CRITICAL - TS_IDX: 0
2018-10-12 16:19:14,666 - start_pytomo.py:1259 - CRITICAL - PROVIDER: 
2018-10-12 16:19:14,666 - start_pytomo.py:1259 - CRITICAL - PROXIES: None
2018-10-12 16:19:14,666 - start_pytomo.py:1259 - CRITICAL - BLACK_LISTED: das_captcha
2018-10-12 16:19:14,666 - start_pytomo.py:1259 - CRITICAL - snmp_pytomoDownloadTime: .1.3.6.1.3.53.5.9.2.1.1.13
2018-10-12 16:19:14,666 - start_pytomo.py:1259 - CRITICAL - snmp_pytomoUrlStats: .1.3.6.1.3.53.5.9.2.1.1
2018-10-12 16:19:14,666 - start_pytomo.py:1259 - CRITICAL - DEMO: False
2018-10-12 16:19:14,666 - start_pytomo.py:1259 - CRITICAL - CRAWLED_URLS_MODULO: 5
2018-10-12 16:19:14,666 - start_pytomo.py:1259 - CRITICAL - snmp_pytomoInitialData: .1.3.6.1.3.53.5.9.2.1.1.20
2018-10-12 16:19:14,666 - start_pytomo.py:1259 - CRITICAL - snmp_pytomoASCount: .1.3.6.1.3.53.5.9.4.1.1.2
2018-10-12 16:19:14,666 - start_pytomo.py:1259 - CRITICAL - snmp_pytomoGblStats: .1.3.6.1.3.53.5.9.1
2018-10-12 16:19:14,666 - start_pytomo.py:1259 - CRITICAL - snmp_pytomoIpName: .1.3.6.1.3.53.5.9.3.1.1.1
2018-10-12 16:19:14,667 - start_pytomo.py:1259 - CRITICAL - URL_TIMEOUT: 5
2018-10-12 16:19:14,667 - start_pytomo.py:1259 - CRITICAL - STATIC_URL_LIST: []
2018-10-12 16:19:14,667 - start_pytomo.py:1259 - CRITICAL - NB_FIELDS: 28
2018-10-12 16:19:14,667 - start_pytomo.py:1259 - CRITICAL - RELATED: False
2018-10-12 16:19:14,667 - start_pytomo.py:1259 - CRITICAL - NB_PING_VALUES: 3
2018-10-12 16:19:14,667 - start_pytomo.py:1259 - CRITICAL - CRAWL_SERVICE: youtube
2018-10-12 16:19:14,667 - start_pytomo.py:1259 - CRITICAL - TABLE: pytomo_crawl
2018-10-12 16:19:14,667 - start_pytomo.py:1259 - CRITICAL - DNS_TIMEOUT: 4.0
2018-10-12 16:19:14,667 - start_pytomo.py:1259 - CRITICAL - DOC_DIR: templates/doc/
2018-10-12 16:19:14,667 - start_pytomo.py:1259 - CRITICAL - COLUMN_NAMES: ['DownloadBytes', 'MaxInstantThp']
2018-10-12 16:19:14,667 - start_pytomo.py:1259 - CRITICAL - snmp_pytomoASStats: .1.3.6.1.3.53.5.9.4.1.1
2018-10-12 16:19:14,667 - start_pytomo.py:1259 - CRITICAL - MAX_PER_PAGE: 10
2018-10-12 16:19:14,667 - start_pytomo.py:1259 - CRITICAL - IP_IDX: 5
2018-10-12 16:19:14,667 - start_pytomo.py:1259 - CRITICAL - USER_INPUT_TIMEOUT: 10
2018-10-12 16:19:14,668 - start_pytomo.py:1259 - CRITICAL - TIME_FRAME: today
2018-10-12 16:19:14,668 - start_pytomo.py:1259 - CRITICAL - STD_HEADERS: {'Accept-Charset': 'ISO-8859-1,utf-8;q=0.7,*;q=0.7', 'Cookie': 'YSC=h9wy7hcXxIo; VISITOR_INFO1_LIVE=d5TlLfzb2K0; PREF=f1=50000000; s_gl=1d69aac621b2f9c0a25dade722d6e24bcwIAAABVUw==', 'Accept-Language': 'en-us,en;q=0.5', 'Accept': 'text/html,application/xhtml+xml,application/xml;q=0.9,*/*;q=0.8', 'User-Agent': 'Mozilla/5.0 (X11; U; Linux x86_64; en-US; rv:10.0)     Gecko/20100101 Firefox/10.0'}
2018-10-12 16:19:14,668 - start_pytomo.py:1259 - CRITICAL - snmp_pytomoASName: .1.3.6.1.3.53.5.9.4.1.1.1
2018-10-12 16:19:14,668 - start_pytomo.py:1259 - CRITICAL - snmp_pytomoAsNumber: .1.3.6.1.3.53.5.9.2.1.1.9
2018-10-12 16:19:14,668 - start_pytomo.py:1259 - CRITICAL - IMAGE_FILE: pytomo_image.png
2018-10-12 16:19:14,668 - start_pytomo.py:1259 - CRITICAL - FREQ_FULL_DOWNLOAD: None
2018-10-12 16:19:14,668 - start_pytomo.py:1259 - CRITICAL - WEB_DEFAULT_PORT: 5555
2018-10-12 16:19:14,668 - start_pytomo.py:1259 - CRITICAL - INFO: 20
2018-10-12 16:19:14,668 - start_pytomo.py:1259 - CRITICAL - PLOT: False
2018-10-12 16:19:14,668 - start_pytomo.py:1259 - CRITICAL - HTTP_REDIRECT_PERMANENT_REDIRECT: 308
2018-10-12 16:19:14,668 - start_pytomo.py:1259 - CRITICAL - DOWNLOAD_FROM_EXTRA_IPS: False
2018-10-12 16:19:14,669 - start_pytomo.py:1259 - CRITICAL - DATABASE: pytomo_database.db
2018-10-12 16:19:14,669 - start_pytomo.py:1259 - CRITICAL - EXTRA_NAME_SERVERS: [('google_public_dns', '8.8.8.8'), ('open_dns', '208.67.220.220')]
2018-10-12 16:19:14,669 - start_pytomo.py:1259 - CRITICAL - SNMP: False
2018-10-12 16:19:14,669 - start_pytomo.py:1259 - CRITICAL - snmp_pytomoIpStats: .1.3.6.1.3.53.5.9.3.1.1
2018-10-12 16:19:14,669 - start_pytomo.py:1259 - CRITICAL - INITIAL_BUFFER: 2.0
2018-10-12 16:19:14,669 - start_pytomo.py:1259 - CRITICAL - CENTRALISE_DATA: False
2018-10-12 16:19:14,670 - start_pytomo.py:1259 - CRITICAL - HTTP_REDIRECT_USE_PROXY: 305
2018-10-12 16:19:14,670 - start_pytomo.py:1259 - CRITICAL - HTTP_REDIRECT_FOUND: 302
2018-10-12 16:19:14,670 - start_pytomo.py:1259 - CRITICAL - PING_PACKETS: 10
2018-10-12 16:19:14,670 - start_pytomo.py:1259 - CRITICAL - HD_FIRST: False
2018-10-12 16:19:14,670 - start_pytomo.py:1259 - CRITICAL - SKIP_COMPUTED: False
2018-10-12 16:19:14,671 - start_pytomo.py:1259 - CRITICAL - RESULT_DIR: results
2018-10-12 16:19:14,671 - start_pytomo.py:1259 - CRITICAL - LOG: <logging.Logger object at 0x105ecf7d0>
2018-10-12 16:19:14,671 - start_pytomo.py:1259 - CRITICAL - MAX_DOWNLOAD_TIME: 600.0
2018-10-12 16:19:14,671 - start_pytomo.py:1259 - CRITICAL - PDF_DIR: pdfs
2018-10-12 16:19:14,671 - start_pytomo.py:1259 - CRITICAL - snmp_pytomoStatusCode: .1.3.6.1.3.53.5.9.2.1.1.29
2018-10-12 16:19:14,671 - start_pytomo.py:1259 - CRITICAL - RRD_PLOT_DIR: images
2018-10-12 16:19:14,671 - start_pytomo.py:1259 - CRITICAL - snmp_pytomoUrlIndex: .1.3.6.1.3.53.5.9.2.1.1.1
2018-10-12 16:19:14,671 - start_pytomo.py:1259 - CRITICAL - LOG_LEVEL: 10
2018-10-12 16:19:14,671 - start_pytomo.py:1259 - CRITICAL - PDF_FILE: report.pdf
2018-10-12 16:19:14,671 - start_pytomo.py:1259 - CRITICAL - DOWNLOADED_BY_AS: {}
2018-10-12 16:19:14,671 - start_pytomo.py:1259 - CRITICAL - snmp_pytomoTimeTogetFirstByte: .1.3.6.1.3.53.5.9.2.1.1.26
2018-10-12 16:19:14,672 - start_pytomo.py:1259 - CRITICAL - snmp_pytomoDownloadDuration: .1.3.6.1.3.53.5.9.1.4
2018-10-12 16:19:14,672 - start_pytomo.py:1259 - CRITICAL - snmp_pytomoPingMin: .1.3.6.1.3.53.5.9.2.1.1.10
2018-10-12 16:19:14,672 - start_pytomo.py:1259 - CRITICAL - snmp_pytomoInitialPlaybackBuffer: .1.3.6.1.3.53.5.9.2.1.1.22
2018-10-12 16:19:14,672 - start_pytomo.py:1259 - CRITICAL - MIN_PLAYOUT_BUFFER: 0.1
2018-10-12 16:19:14,672 - start_pytomo.py:1259 - CRITICAL - TEMPLATE_FILE: index.html
2018-10-12 16:19:14,672 - start_pytomo.py:1259 - CRITICAL - snmp_pytomoInitialRate: .1.3.6.1.3.53.5.9.2.1.1.21
2018-10-12 16:19:14,672 - start_pytomo.py:1259 - CRITICAL - URL_IDX: 2
2018-10-12 16:19:14,672 - start_pytomo.py:1259 - CRITICAL - MAX_PER_URL: 10
2018-10-12 16:19:14,672 - start_pytomo.py:1259 - CRITICAL - TEMPLATES_DIR: templates
2018-10-12 16:19:14,672 - start_pytomo.py:1259 - CRITICAL - USE_PACKAGE_DIR: False
2018-10-12 16:19:14,672 - start_pytomo.py:1259 - CRITICAL - MAX_NB_REDIRECT: 10
2018-10-12 16:19:14,672 - start_pytomo.py:1259 - CRITICAL - LOG_FILE: pytomo.log
2018-10-12 16:19:14,672 - start_pytomo.py:1259 - CRITICAL - snmp_pytomoContact_str: Jean-Luc Sire / Pascal Beringuie 
2018-10-12 16:19:14,672 - start_pytomo.py:1259 - CRITICAL - snmp_pytomoService: .1.3.6.1.3.53.5.9.2.1.1.3
2018-10-12 16:19:14,673 - start_pytomo.py:1259 - CRITICAL - NB_IDENT_VALUES: 8
2018-10-12 16:19:14,673 - start_pytomo.py:1259 - CRITICAL - LOG_FILE_TIMESTAMP: /Users/dingruiyang/OneDrive/课程/ASI/Assignment2/logs/DingdeMacBook-Pro.local.youtube.2018-10-12.16_19_14.pytomo.log
2018-10-12 16:19:14,673 - start_pytomo.py:1259 - CRITICAL - SYSTEM: None
2018-10-12 16:19:14,673 - start_pytomo.py:1259 - CRITICAL - snmp_pytomoTimeStamp: .1.3.6.1.3.53.5.9.2.1.1.2
2018-10-12 16:19:14,673 - start_pytomo.py:1259 - CRITICAL - snmp_pytomoObjectName_str: Pytomo instance
2018-10-12 16:19:14,673 - start_pytomo.py:1259 - CRITICAL - HTTP_REDIRECT_SEE_OTHER: 303
2018-10-12 16:19:14,673 - start_pytomo.py:1259 - CRITICAL - snmp_pytomoPingAvg: .1.3.6.1.3.53.5.9.2.1.1.11
2018-10-12 16:19:14,673 - start_pytomo.py:1259 - CRITICAL - HTTP_OK: 200
2018-10-12 16:19:14,673 - start_pytomo.py:1259 - CRITICAL - snmp_pytomoMaxInstantThp: .1.3.6.1.3.53.5.9.2.1.1.27
2018-10-12 16:19:14,673 - start_pytomo.py:1259 - CRITICAL - snmp_pytomoDownloadBytes: .1.3.6.1.3.53.5.9.2.1.1.18
2018-10-12 16:19:14,673 - start_pytomo.py:1259 - CRITICAL - HTTP_REDIRECT_NOT_MODIFIED: 304
2018-10-12 16:19:14,674 - start_pytomo.py:1440 - CRITICAL - Offset between local time and UTC: -7200
2018-10-12 16:19:14,674 - start_pytomo.py:1441 - WARNING - Pytomo version = None
2018-10-12 16:19:14,693 - start_pytomo.py:1444 - WARNING - Pytomo is running on this system: Darwin
2018-10-12 16:19:27,714 - start_pytomo.py:1369 - CRITICAL - User has given this provider: 
2018-10-12 16:19:30,558 - start_pytomo.py:1355 - CRITICAL - The Proxies have been set to: None

2018-10-12 16:19:34,058 - start_pytomo.py:1312 - CRITICAL - The Max Crawls has been set to: 1000
2018-10-12 16:19:34,175 - start_pytomo.py:1208 - CRITICAL - Unable to Parse IP address: 2001:708:150:10::8885... Skipping
2018-10-12 16:19:34,177 - start_pytomo.py:1497 - DEBUG - Service for most popular links youtube
2018-10-12 16:19:34,178 - start_pytomo.py:920 - CRITICAL - Start crawl
2018-10-12 16:19:34,180 - lib_database.py:213 - INFO - Created connection to data base Database: DingdeMacBook-Pro.local.youtube.2018-10-12.16_19_14.pytomo_database.db
2018-10-12 16:19:34,182 - lib_database.py:264 - INFO - Creating table : pytomo_crawl_2018_10_12_16_19_14
2018-10-12 16:19:34,182 - start_pytomo.py:935 - DEBUG - STATIC_URL_LIST: []
2018-10-12 16:19:34,182 - lib_youtube_api.py:111 - DEBUG - Getting popular links
2018-10-12 16:19:34,403 - lib_links_extractor.py:92 - WARNING - URLError in getting HEAD of this url: http://www.youtube.com/charts/videos_views?p=2&gl=US&t=t&p=1
Error message: HTTP Error 404: Not Found
2018-10-12 16:19:34,404 - lib_youtube_api.py:124 - WARNING - No popular link was found
2018-10-12 16:19:34,404 - lib_youtube_api.py:142 - DEBUG - popular links are: set([])
2018-10-12 16:19:34,404 - start_pytomo.py:955 - DEBUG - bootstrap links: set([])
2018-10-12 16:19:34,404 - start_pytomo.py:957 - CRITICAL - Cannot find input links to crawl
2018-10-12 16:19:34,405 - start_pytomo.py:1513 - DEBUG - {'0.0.0': 0}
2018-10-12 16:19:34,405 - start_pytomo.py:1219 - CRITICAL - Hash of database file: 78d40d73f299e72466a72cd72b506ba4
